All output is being saved to: execution_20260209_122430.log
=========================================
DevOps Automation Script Started
=========================================
DevOps Automation Script Started
Execution Time: Mon Feb  9 12:24:30 IST 2026
=========================================
Execution Time: Mon Feb  9 12:24:30 IST 2026
=========================================

[INFO] Starting automation tasks...


[INFO] Starting automation tasks...


[INFO] Creating necessary directories...

[INFO] Creating necessary directories...
[SUCCESS] Directories created/verified

[INFO] Creating test log files...
[SUCCESS] Directories created/verified

[INFO] Creating test log files...
[SUCCESS] Test logs created

=========================================
LOG FILES FOUND
=========================================
[SUCCESS] Test logs created

=========================================
LOG FILES FOUND
=========================================
-rw-r--r-- 1 root root 49 Feb  9 12:24 /root/test_logs/access.log
-rw-r--r-- 1 root root 52 Feb  9 12:24 /root/test_logs/app.log
-rw-r--r-- 1 root root 52 Feb  9 12:24 /root/test_logs/error.log
-rw-r--r-- 1 root root 49 Feb  9 12:24 /root/test_logs/access.log
-rw-r--r-- 1 root root 52 Feb  9 12:24 /root/test_logs/app.log
-rw-r--r-- 1 root root 52 Feb  9 12:24 /root/test_logs/error.log

=========================================
CREATING BACKUP
=========================================

=========================================
CREATING BACKUP
=========================================
[SUCCESS] Backup created: /root/log_backups/logs_backup_20260209_122430.tar.gz
[SUCCESS] Backup created: /root/log_backups/logs_backup_20260209_122430.tar.gz
[INFO] Backup size: 4.0K
[INFO] Backup size: 4.0K

=========================================
CLEANING OLD BACKUPS
=========================================

=========================================
CLEANING OLD BACKUPS
=========================================
[INFO] Backups before cleanup: 5
[INFO] Backups before cleanup: 5
[INFO] Backups after cleanup: 5
[INFO] Removed 0 old backup(s)

=========================================
EXECUTION SUMMARY
=========================================
Backup Directory: /root/log_backups
Log Directory: /root/test_logs
Execution Log: execution_20260209_122430.log
[INFO] Backups after cleanup: 5
[INFO] Removed 0 old backup(s)

=========================================
EXECUTION SUMMARY
=========================================
Backup Directory: /root/log_backups
Log Directory: /root/test_logs
Execution Log: execution_20260209_122430.log
Completion Time: Mon Feb  9 12:24:30 IST 2026
=========================================
Completion Time: Mon Feb  9 12:24:30 IST 2026
=========================================

[SUCCESS] All automation tasks completed successfully!

[SUCCESS] All automation tasks completed successfully!
